<?xml version="1.0" encoding="UTF-8"?>
<!-- Generated by org.testng.reporters.JUnitReportReporter -->
<testsuite hostname="DESKTOP-QRPNPOQ" failures="0" tests="3" name="api.test.UserTest2resourcebundle" time="10.369" errors="0" timestamp="2025-09-18T22:48:12 IST" skipped="0">
  <testcase classname="api.test.UserTest2resourcebundle" name="LoginUser" time="6.810"/>
  <testcase classname="api.test.UserTest2resourcebundle" name="testPostUser" time="2.044"/>
  <testcase classname="api.test.UserTest2resourcebundle" name="LogoutUser" time="1.515"/>
</testsuite> <!-- api.test.UserTest2resourcebundle -->
