<?xml version="1.0" encoding="UTF-8"?>
<!-- Generated by org.testng.reporters.JUnitReportReporter -->
<testsuite hostname="DESKTOP-QRPNPOQ" failures="0" tests="6" name="api.test.DDtests" time="11.536" errors="0" timestamp="2025-09-17T18:18:58 IST" skipped="0">
  <testcase classname="api.test.DDtests" name="TestPostUser" time="4.814"/>
  <testcase classname="api.test.DDtests" name="TestPostUser" time="1.388"/>
  <testcase classname="api.test.DDtests" name="TestPostUser" time="1.275"/>
  <testcase classname="api.test.DDtests" name="DeleteUserByName" time="1.431"/>
  <testcase classname="api.test.DDtests" name="DeleteUserByName" time="1.320"/>
  <testcase classname="api.test.DDtests" name="DeleteUserByName" time="1.308"/>
</testsuite> <!-- api.test.DDtests -->
